<?xml version="1.0" encoding="UTF-8"?>
<!-- Generated by org.testng.reporters.JUnitXMLReporter -->
<testsuite hostname="Aslihans-MBP.home" failures="0" tests="5" name="Surefire test" time="176.352" errors="0" timestamp="20 Jun 2022 04:05:25 GMT">
  <testcase classname="com.build.qa.build.selenium.tests.FergusonTest" name="Stage1_navigateToHomePage" time="4.48"/>
  <testcase classname="com.build.qa.build.selenium.tests.FergusonTest" name="Stage2_searchForProductLandsOnCorrectProduct" time="9.724"/>
  <testcase classname="com.build.qa.build.selenium.tests.FergusonTest" name="Stage3_addProductToCartFromCategoryDrop" time="27.397"/>
  <testcase classname="com.build.qa.build.selenium.tests.FergusonTest" name="Stage4_addMultipleCartItemsAndChangeQuantity" time="64.737"/>
  <testcase classname="com.build.qa.build.selenium.tests.FergusonTest" name="Stage5_facetNarrowBysResultInCorrectProductCounts" time="62.187"/>
</testsuite> <!-- Surefire test -->
