<?xml version="1.0" encoding="UTF-8"?>
<!-- Generated by org.testng.reporters.JUnitXMLReporter -->
<testsuite hostname="Aslihans-MBP.home" failures="0" tests="5" name="Surefire test" time="176.934" errors="0" timestamp="20 Jun 2022 03:52:02 GMT">
  <testcase classname="com.build.qa.build.selenium.tests.FergusonTest" name="Stage1_navigateToHomePage" time="2.896"/>
  <testcase classname="com.build.qa.build.selenium.tests.FergusonTest" name="Stage2_searchForProductLandsOnCorrectProduct" time="7.298"/>
  <testcase classname="com.build.qa.build.selenium.tests.FergusonTest" name="Stage3_addProductToCartFromCategoryDrop" time="30.473"/>
  <testcase classname="com.build.qa.build.selenium.tests.FergusonTest" name="Stage4_addMultipleCartItemsAndChangeQuantity" time="68.221"/>
  <testcase classname="com.build.qa.build.selenium.tests.FergusonTest" name="Stage5_facetNarrowBysResultInCorrectProductCounts" time="60.495"/>
</testsuite> <!-- Surefire test -->
