<?xml version="1.0" encoding="UTF-8"?>
<testng-results total="5" passed="5" failed="0" skipped="0">
  <reporter-output>
  </reporter-output>
  <suite started-at="2022-06-20T03:49:05Z" name="Surefire suite" finished-at="2022-06-20T03:52:02Z" duration-ms="176934">
    <groups>
    </groups>
    <test started-at="2022-06-20T03:49:05Z" name="Surefire test" finished-at="2022-06-20T03:52:02Z" duration-ms="176934">
      <class name="com.build.qa.build.selenium.tests.FergusonTest">
        <test-method is-config="true" signature="beforeClass()[pri:0, instance:com.build.qa.build.selenium.tests.FergusonTest@25df00a0]" started-at="2022-06-19T23:49:05Z" name="beforeClass" finished-at="2022-06-19T23:49:05Z" duration-ms="11" status="PASS">
          <reporter-output>
          </reporter-output>
        </test-method> <!-- beforeClass -->
        <test-method is-config="true" signature="setUpBefore()[pri:0, instance:com.build.qa.build.selenium.tests.FergusonTest@25df00a0]" started-at="2022-06-19T23:49:05Z" name="setUpBefore" finished-at="2022-06-19T23:49:07Z" duration-ms="1762" status="PASS">
          <reporter-output>
          </reporter-output>
        </test-method> <!-- setUpBefore -->
        <test-method signature="Stage1_navigateToHomePage()[pri:0, instance:com.build.qa.build.selenium.tests.FergusonTest@25df00a0]" started-at="2022-06-19T23:49:07Z" name="Stage1_navigateToHomePage" finished-at="2022-06-19T23:49:10Z" duration-ms="2896" status="PASS">
          <reporter-output>
          </reporter-output>
        </test-method> <!-- Stage1_navigateToHomePage -->
        <test-method is-config="true" signature="tearDownAfter()[pri:0, instance:com.build.qa.build.selenium.tests.FergusonTest@25df00a0]" started-at="2022-06-19T23:49:10Z" name="tearDownAfter" finished-at="2022-06-19T23:49:10Z" duration-ms="105" status="PASS">
          <reporter-output>
          </reporter-output>
        </test-method> <!-- tearDownAfter -->
        <test-method is-config="true" signature="setUpBefore()[pri:0, instance:com.build.qa.build.selenium.tests.FergusonTest@25df00a0]" started-at="2022-06-19T23:49:10Z" name="setUpBefore" finished-at="2022-06-19T23:49:11Z" duration-ms="1192" status="PASS">
          <reporter-output>
          </reporter-output>
        </test-method> <!-- setUpBefore -->
        <test-method signature="Stage2_searchForProductLandsOnCorrectProduct()[pri:0, instance:com.build.qa.build.selenium.tests.FergusonTest@25df00a0]" started-at="2022-06-19T23:49:11Z" name="Stage2_searchForProductLandsOnCorrectProduct" finished-at="2022-06-19T23:49:18Z" duration-ms="7298" status="PASS">
          <reporter-output>
          </reporter-output>
        </test-method> <!-- Stage2_searchForProductLandsOnCorrectProduct -->
        <test-method is-config="true" signature="tearDownAfter()[pri:0, instance:com.build.qa.build.selenium.tests.FergusonTest@25df00a0]" started-at="2022-06-19T23:49:18Z" name="tearDownAfter" finished-at="2022-06-19T23:49:18Z" duration-ms="120" status="PASS">
          <reporter-output>
          </reporter-output>
        </test-method> <!-- tearDownAfter -->
        <test-method is-config="true" signature="setUpBefore()[pri:0, instance:com.build.qa.build.selenium.tests.FergusonTest@25df00a0]" started-at="2022-06-19T23:49:18Z" name="setUpBefore" finished-at="2022-06-19T23:49:19Z" duration-ms="1168" status="PASS">
          <reporter-output>
          </reporter-output>
        </test-method> <!-- setUpBefore -->
        <test-method signature="Stage3_addProductToCartFromCategoryDrop()[pri:0, instance:com.build.qa.build.selenium.tests.FergusonTest@25df00a0]" started-at="2022-06-19T23:49:19Z" name="Stage3_addProductToCartFromCategoryDrop" finished-at="2022-06-19T23:49:50Z" duration-ms="30473" status="PASS">
          <reporter-output>
          </reporter-output>
        </test-method> <!-- Stage3_addProductToCartFromCategoryDrop -->
        <test-method is-config="true" signature="tearDownAfter()[pri:0, instance:com.build.qa.build.selenium.tests.FergusonTest@25df00a0]" started-at="2022-06-19T23:49:50Z" name="tearDownAfter" finished-at="2022-06-19T23:49:50Z" duration-ms="224" status="PASS">
          <reporter-output>
          </reporter-output>
        </test-method> <!-- tearDownAfter -->
        <test-method is-config="true" signature="setUpBefore()[pri:0, instance:com.build.qa.build.selenium.tests.FergusonTest@25df00a0]" started-at="2022-06-19T23:49:50Z" name="setUpBefore" finished-at="2022-06-19T23:49:51Z" duration-ms="1281" status="PASS">
          <reporter-output>
          </reporter-output>
        </test-method> <!-- setUpBefore -->
        <test-method signature="Stage4_addMultipleCartItemsAndChangeQuantity()[pri:0, instance:com.build.qa.build.selenium.tests.FergusonTest@25df00a0]" started-at="2022-06-19T23:49:51Z" name="Stage4_addMultipleCartItemsAndChangeQuantity" finished-at="2022-06-19T23:51:00Z" duration-ms="68221" status="PASS">
          <reporter-output>
          </reporter-output>
        </test-method> <!-- Stage4_addMultipleCartItemsAndChangeQuantity -->
        <test-method is-config="true" signature="tearDownAfter()[pri:0, instance:com.build.qa.build.selenium.tests.FergusonTest@25df00a0]" started-at="2022-06-19T23:51:00Z" name="tearDownAfter" finished-at="2022-06-19T23:51:00Z" duration-ms="226" status="PASS">
          <reporter-output>
          </reporter-output>
        </test-method> <!-- tearDownAfter -->
        <test-method is-config="true" signature="setUpBefore()[pri:0, instance:com.build.qa.build.selenium.tests.FergusonTest@25df00a0]" started-at="2022-06-19T23:51:00Z" name="setUpBefore" finished-at="2022-06-19T23:51:01Z" duration-ms="1264" status="PASS">
          <reporter-output>
          </reporter-output>
        </test-method> <!-- setUpBefore -->
        <test-method signature="Stage5_facetNarrowBysResultInCorrectProductCounts()[pri:0, instance:com.build.qa.build.selenium.tests.FergusonTest@25df00a0]" started-at="2022-06-19T23:51:01Z" name="Stage5_facetNarrowBysResultInCorrectProductCounts" finished-at="2022-06-19T23:52:02Z" duration-ms="60495" status="PASS">
          <reporter-output>
          </reporter-output>
        </test-method> <!-- Stage5_facetNarrowBysResultInCorrectProductCounts -->
        <test-method is-config="true" signature="tearDownAfter()[pri:0, instance:com.build.qa.build.selenium.tests.FergusonTest@25df00a0]" started-at="2022-06-19T23:52:02Z" name="tearDownAfter" finished-at="2022-06-19T23:52:02Z" duration-ms="189" status="PASS">
          <reporter-output>
          </reporter-output>
        </test-method> <!-- tearDownAfter -->
      </class> <!-- com.build.qa.build.selenium.tests.FergusonTest -->
    </test> <!-- Surefire test -->
  </suite> <!-- Surefire suite -->
</testng-results>
